0 info it worked if it ends with ok
1 verbose cli [ '/usr/local/bin/node',
1 verbose cli   '/usr/local/bin/npm',
1 verbose cli   'install',
1 verbose cli   'grunt-contrib-uglify',
1 verbose cli   '--save-dev' ]
2 info using npm@1.1.69
3 info using node@v0.8.16
4 verbose read json /home/neila/Aptana/muon/package.json
5 verbose read json /home/neila/Aptana/muon/node_modules/grunt-mocha-phantomjs/package.json
6 verbose read json /home/neila/Aptana/muon/node_modules/pg/package.json
7 verbose read json /home/neila/Aptana/muon/node_modules/chai/package.json
8 verbose read json /home/neila/Aptana/muon/node_modules/supertest/package.json
9 verbose read json /home/neila/Aptana/muon/node_modules/superagent/package.json
10 verbose read json /home/neila/Aptana/muon/node_modules/mocha-phantomjs/package.json
11 verbose read json /home/neila/Aptana/muon/node_modules/mocha/package.json
12 verbose read json /home/neila/Aptana/muon/node_modules/tar/package.json
13 verbose read json /home/neila/Aptana/muon/node_modules/repl.history/package.json
14 verbose read json /home/neila/Aptana/muon/node_modules/sinon/package.json
15 verbose read json /home/neila/Aptana/muon/node_modules/less/package.json
16 verbose read json /home/neila/Aptana/muon/node_modules/fstream/package.json
17 verbose read json /home/neila/Aptana/muon/node_modules/expect/package.json
18 verbose read json /home/neila/Aptana/muon/node_modules/cheerio/package.json
19 verbose read json /home/neila/Aptana/muon/node_modules/orm-timestamps/package.json
20 verbose read json /home/neila/Aptana/muon/node_modules/dox/package.json
21 verbose read json /home/neila/Aptana/muon/node_modules/jade/package.json
22 verbose read json /home/neila/Aptana/muon/node_modules/mocha-as-promised/package.json
23 verbose read json /home/neila/Aptana/muon/node_modules/grunt/package.json
24 verbose read json /home/neila/Aptana/muon/node_modules/grunt-contrib-concat/package.json
25 verbose read json /home/neila/Aptana/muon/node_modules/mime/package.json
26 verbose read json /home/neila/Aptana/muon/node_modules/less-middleware/package.json
27 verbose read json /home/neila/Aptana/muon/node_modules/chai-spies/package.json
28 verbose read json /home/neila/Aptana/muon/node_modules/grunt-git/package.json
29 verbose read json /home/neila/Aptana/muon/node_modules/grunt-contrib-nodeunit/package.json
30 verbose read json /home/neila/Aptana/muon/node_modules/async/package.json
31 verbose read json /home/neila/Aptana/muon/node_modules/mongodb/package.json
32 verbose read json /home/neila/Aptana/muon/node_modules/coffee-script/package.json
33 verbose read json /home/neila/Aptana/muon/node_modules/consolidate/package.json
34 verbose read json /home/neila/Aptana/muon/node_modules/grunt-contrib-uglify/package.json
35 verbose read json /home/neila/Aptana/muon/node_modules/orm-paging/package.json
36 verbose read json /home/neila/Aptana/muon/node_modules/mysql/package.json
37 verbose read json /home/neila/Aptana/muon/node_modules/sqlite3/package.json
38 verbose read json /home/neila/Aptana/muon/node_modules/express/package.json
39 verbose read json /home/neila/Aptana/muon/node_modules/orm/package.json
40 verbose read json /home/neila/Aptana/muon/node_modules/underscore/package.json
41 verbose read json /home/neila/Aptana/muon/node_modules/ejs/package.json
42 verbose read json /home/neila/Aptana/muon/node_modules/grunt-shell/package.json
43 verbose read json /home/neila/Aptana/muon/node_modules/node-mocks-http/package.json
44 verbose read json /home/neila/Aptana/muon/node_modules/optimist/package.json
45 verbose read json /home/neila/Aptana/muon/node_modules/q/package.json
46 verbose read json /home/neila/Aptana/muon/node_modules/grunt-contrib-watch/package.json
47 verbose from cache /home/neila/Aptana/muon/package.json
48 verbose readDependencies using package.json deps
49 verbose cache add [ 'grunt-contrib-uglify', null ]
50 silly cache add name=undefined spec="grunt-contrib-uglify" args=["grunt-contrib-uglify",null]
51 verbose parsed url { pathname: 'grunt-contrib-uglify',
51 verbose parsed url   path: 'grunt-contrib-uglify',
51 verbose parsed url   href: 'grunt-contrib-uglify' }
52 silly lockFile 9dabf0fb-grunt-contrib-uglify grunt-contrib-uglify
53 verbose lock grunt-contrib-uglify /home/neila/.npm/9dabf0fb-grunt-contrib-uglify.lock
54 silly lockFile 9dabf0fb-grunt-contrib-uglify grunt-contrib-uglify
55 verbose addNamed [ 'grunt-contrib-uglify', '' ]
56 verbose addNamed [ null, '' ]
57 silly lockFile 1f4692e4-grunt-contrib-uglify grunt-contrib-uglify@
58 verbose lock grunt-contrib-uglify@ /home/neila/.npm/1f4692e4-grunt-contrib-uglify.lock
59 silly addNameRange { name: 'grunt-contrib-uglify', range: '', hasData: false }
60 verbose url raw grunt-contrib-uglify
61 verbose url resolving [ 'https://registry.npmjs.org/', './grunt-contrib-uglify' ]
62 verbose url resolved https://registry.npmjs.org/grunt-contrib-uglify
63 info trying registry request attempt 1 at 15:09:46
64 verbose etag "6CTLHZ75GWNSU5JWVQQMRM8P4"
65 http GET https://registry.npmjs.org/grunt-contrib-uglify
66 http 304 https://registry.npmjs.org/grunt-contrib-uglify
67 silly registry.get cb [ 304,
67 silly registry.get   { date: 'Mon, 17 Mar 2014 11:09:46 GMT',
67 silly registry.get     server: 'Apache',
67 silly registry.get     via: '1.1 varnish',
67 silly registry.get     'last-modified': 'Mon, 17 Mar 2014 11:09:46 GMT',
67 silly registry.get     'cache-control': 'max-age=1',
67 silly registry.get     etag: '"6CTLHZ75GWNSU5JWVQQMRM8P4"',
67 silly registry.get     'x-served-by': 'cache-am69-AMS',
67 silly registry.get     'x-cache': 'HIT',
67 silly registry.get     'x-cache-hits': '1',
67 silly registry.get     'x-timer': 'S1395054586.695576429,VS0,VE92',
67 silly registry.get     vary: 'Accept',
67 silly registry.get     'content-length': '0',
67 silly registry.get     'keep-alive': 'timeout=10, max=50',
67 silly registry.get     connection: 'Keep-Alive' } ]
68 verbose etag grunt-contrib-uglify from cache
69 silly addNameRange number 2 { name: 'grunt-contrib-uglify', range: '', hasData: true }
70 silly addNameRange versions [ 'grunt-contrib-uglify',
70 silly addNameRange   [ '0.1.0',
70 silly addNameRange     '0.1.1',
70 silly addNameRange     '0.1.2',
70 silly addNameRange     '0.2.0',
70 silly addNameRange     '0.2.1',
70 silly addNameRange     '0.2.2',
70 silly addNameRange     '0.2.3',
70 silly addNameRange     '0.2.4',
70 silly addNameRange     '0.2.5',
70 silly addNameRange     '0.2.6',
70 silly addNameRange     '0.2.7',
70 silly addNameRange     '0.3.0',
70 silly addNameRange     '0.3.1',
70 silly addNameRange     '0.1.1-rc5',
70 silly addNameRange     '0.1.1-rc6',
70 silly addNameRange     '0.3.2',
70 silly addNameRange     '0.3.3',
70 silly addNameRange     '0.4.0' ] ]
71 verbose addNamed [ 'grunt-contrib-uglify', '0.4.0' ]
72 verbose addNamed [ '0.4.0', '0.4.0' ]
73 silly lockFile a0aad41b-grunt-contrib-uglify-0-4-0 grunt-contrib-uglify@0.4.0
74 verbose lock grunt-contrib-uglify@0.4.0 /home/neila/.npm/a0aad41b-grunt-contrib-uglify-0-4-0.lock
75 verbose read json /home/neila/.npm/grunt-contrib-uglify/0.4.0/package/package.json
76 silly lockFile a0aad41b-grunt-contrib-uglify-0-4-0 grunt-contrib-uglify@0.4.0
77 silly lockFile 1f4692e4-grunt-contrib-uglify grunt-contrib-uglify@
78 silly resolved [ { name: 'grunt-contrib-uglify',
78 silly resolved     description: 'Minify files with UglifyJS.',
78 silly resolved     version: '0.4.0',
78 silly resolved     homepage: 'https://github.com/gruntjs/grunt-contrib-uglify',
78 silly resolved     author: { name: 'Grunt Team', url: 'http://gruntjs.com/' },
78 silly resolved     repository:
78 silly resolved      { type: 'git',
78 silly resolved        url: 'git://github.com/gruntjs/grunt-contrib-uglify.git' },
78 silly resolved     bugs: { url: 'https://github.com/gruntjs/grunt-contrib-uglify/issues' },
78 silly resolved     licenses: [ [Object] ],
78 silly resolved     engines: { node: '>=0.10.0' },
78 silly resolved     scripts: { test: 'grunt test' },
78 silly resolved     dependencies: { 'uglify-js': '^2.4.0', chalk: '^0.4.0', maxmin: '^0.1.0' },
78 silly resolved     devDependencies:
78 silly resolved      { 'grunt-contrib-jshint': '^0.8.0',
78 silly resolved        'grunt-contrib-nodeunit': '^0.3.2',
78 silly resolved        'grunt-contrib-clean': '^0.5.0',
78 silly resolved        'grunt-contrib-internal': '^0.4.2',
78 silly resolved        grunt: '^0.4.2' },
78 silly resolved     peerDependencies: { grunt: '^0.4.0' },
78 silly resolved     keywords: [ 'gruntplugin' ],
78 silly resolved     files: [ 'tasks', 'LICENSE-MIT' ],
78 silly resolved     readme: '# grunt-contrib-uglify v0.4.0 [![Build Status](https://travis-ci.org/gruntjs/grunt-contrib-uglify.png?branch=master)](https://travis-ci.org/gruntjs/grunt-contrib-uglify)\n\n> Minify files with UglifyJS.\n\n\n\n## Getting Started\nThis plugin requires Grunt `^0.4.0`\n\nIf you haven\'t used [Grunt](http://gruntjs.com/) before, be sure to check out the [Getting Started](http://gruntjs.com/getting-started) guide, as it explains how to create a [Gruntfile](http://gruntjs.com/sample-gruntfile) as well as install and use Grunt plugins. Once you\'re familiar with that process, you may install this plugin with this command:\n\n```shell\nnpm install grunt-contrib-uglify --save-dev\n```\n\nOnce the plugin has been installed, it may be enabled inside your Gruntfile with this line of JavaScript:\n\n```js\ngrunt.loadNpmTasks(\'grunt-contrib-uglify\');\n```\n\n\n\n\n## Uglify task\n_Run this task with the `grunt uglify` command._\n\nTask targets, files and options may be specified according to the grunt [Configuring tasks](http://gruntjs.com/configuring-tasks) guide.\n\n### Migrating from 2.x to 3.x\n\nVersion `3.x` introduced changes to configuring source maps. Accordingly, if you don\'t use the source map options you should be able to upgrade seamlessly. If you do use source maps, see below.\n\n#### Removed options\n\n`sourceMapRoot` - The location of your sources is now calculated for you when `sourceMap` is set to `true`  \n`sourceMapPrefix` - No longer necessary for the above reason  \n`sourceMappingURL` - Once again, this is calculated automatically\n\n#### Changed options\n\n`sourceMap` - Only accepts a `Boolean` value. Generates a map with a default name for you  \n\n#### New options\n\n`sourceMapName` - Accepts a string or function to change the location or name of your map\n`sourceMapIncludeSources` - Embed the content of your source files directly into the map\n\n### Options\n\nThis task primarily delegates to [UglifyJS2][], so please consider the [UglifyJS documentation][] as required reading for advanced configuration.\n\n[UglifyJS2]: https://github.com/mishoo/UglifyJS2\n[UglifyJS documentation]: http://lisperator.net/uglifyjs/\n\n#### mangle\nType: `Boolean` `Object`  \nDefault: `{}`\n\nTurn on or off mangling with default options. If an `Object` is specified, it is passed directly to `ast.mangle_names()` *and* `ast.compute_char_frequency()` (mimicking command line behavior).\n\n#### compress\nType: `Boolean` `Object`  \nDefault: `{}`\n\nTurn on or off source compression with default options. If an `Object` is specified, it is passed as options to `UglifyJS.Compressor()`.\n\n#### beautify\nType: `Boolean` `Object`  \nDefault: `false`\n\nTurns on beautification of the generated source code. An `Object` will be merged and passed with the options sent to `UglifyJS.OutputStream()`\n\n#### report\nChoices: `\'min\'`, `\'gzip\'`  \nDefault: `\'min\'`\n\nEither report only minification result or report minification and gzip results.\nThis is useful to see exactly how well clean-css is performing but using `\'gzip\'` will make the task take 5-10x longer to complete. [Example output](https://github.com/sindresorhus/maxmin#readme).\n\n#### sourceMap\nType: `Boolean`  \nDefault: `false`\n\nIf `true`, a source map file will be generated in the same directory as the `dest` file. By default it will have the same basename as the `dest` file, but with a `.map` extension.\n\n#### sourceMapName\nType: `String`  `Function`  \nDefault: `undefined`\n\nTo customize the name or location of the generated source map, pass a string to indicate where to write the source map to. If a function is provided, the uglify destination is passed as the argument and the return value will be used as the file name.\n\n#### sourceMapIn\nType: `String`  `Function`  \nDefault: `undefined`\n\nThe location of an input source map from an earlier compilation, e.g. from CoffeeScript. If a function is provided, the\nuglify source is passed as the argument and the return value will be used as the sourceMap name. This only makes sense\nwhen there\'s one source file.\n\n#### sourceMapIncludeSources\nType: `Boolean`\nDefault: `false`\n\nPass this flag if you want to include the content of source files in the source map as sourcesContent property.\n\n###### enclose\nType: `Object`  \nDefault: `undefined`\n\nWrap all of the code in a closure with a configurable arguments/parameters list.\nEach key-value pair in the `enclose` object is effectively an argument-parameter pair.\n\n#### wrap\nType: `String`  \nDefault: `undefined`\n\nWrap all of the code in a closure, an easy way to make sure nothing is leaking.\nFor variables that need to be public `exports` and `global` variables are made available.\nThe value of wrap is the global variable exports will be available as.\n\n#### exportAll\nType: `Boolean`  \nDefault: `false`\n\nWhen using `wrap` this will make all global functions and variables available via the export variable.\n\n#### preserveComments\nType: `Boolean` `String` `Function`  \nDefault: `undefined`  \nOptions: `false` `\'all\'` `\'some\'`\n\nTurn on preservation of comments.\n\n- `false` will strip all comments\n- `\'all\'` will preserve all comments in code blocks that have not been squashed or dropped\n- `\'some\'` will preserve all comments that start with a bang (`!`) or include a closure compiler style directive (`@preserve` `@license` `@cc_on`)\n- `Function` specify your own comment preservation function. You will be passed the current node and the current comment and are expected to return either `true` or `false`\n\n#### banner\nType: `String`  \nDefault: empty string\n\nThis string will be prepended to the minified output.  Template strings (e.g. `<%= config.value %>` will be expanded automatically.\n\n#### footer\nType: `String`  \nDefault: empty string\n\nThis string will be appended to the minified output.  Template strings (e.g. `<%= config.value %>` will be expanded automatically.\n\n### Usage examples\n\n#### Basic compression\n\nThis configuration will compress and mangle the input files using the default options.\n\n```js\n// Project configuration.\ngrunt.initConfig({\n  uglify: {\n    my_target: {\n      files: {\n        \'dest/output.min.js\': [\'src/input1.js\', \'src/input2.js\']\n      }\n    }\n  }\n});\n```\n\n#### No mangling\n\nSpecify `mangle: false` to prevent changes to your variable and function names.\n\n```js\n// Project configuration.\ngrunt.initConfig({\n  uglify: {\n    options: {\n      mangle: false\n    },\n    my_target: {\n      files: {\n        \'dest/output.min.js\': [\'src/input.js\']\n      }\n    }\n  }\n});\n```\n\n#### Reserved identifiers\n\nYou can specify identifiers to leave untouched with an `except` array in the `mangle` options.\n\n```js\n// Project configuration.\ngrunt.initConfig({\n  uglify: {\n    options: {\n      mangle: {\n        except: [\'jQuery\', \'Backbone\']\n      }\n    },\n    my_target: {\n      files: {\n        \'dest/output.min.js\': [\'src/input.js\']\n      }\n    }\n  }\n});\n```\n\n#### Source maps\n\nGenerate a source map by setting the `sourceMap` option to `true`. The generated\nsource map will be in the same directory as the destination file. Its name will be the\nbasename of the destination file with a `.map` extension. Override these\ndefaults with the `sourceMapName` attribute.\n\n```js\n// Project configuration.\ngrunt.initConfig({\n  uglify: {\n    my_target: {\n      options: {\n        sourceMap: true,\n        sourceMapName: \'path/to/sourcemap.map\'\n      },\n      files: {\n        \'dest/output.min.js\': [\'src/input.js\']\n      }\n    }\n  }\n});\n```\n\n#### Advanced source maps\n\nSet the `sourceMapIncludeSources` option to `true` to embed your sources directly into the map. To include\na source map from a previous compilation pass it as the value of the `sourceMapIn` option.\n\n```js\n// Project configuration.\ngrunt.initConfig({\n  uglify: {\n    my_target: {\n      options: {\n        sourceMap: true,\n        sourceMapIncludeSources: true,\n        sourceMapIn: \'example/coffeescript-sourcemap.js\', // input sourcemap from a previous compilation\n      },\n      files: {\n        \'dest/output.min.js\': [\'src/input.js\'],\n      },\n    },\n  },\n});\n```\n\nRefer to the [UglifyJS SourceMap Documentation](http://lisperator.net/uglifyjs/codegen#source-map) for more information.\n\n\n#### Discard console.* functions\n\nSpecify `drop_console: true` as part of the `compress` options to discard calls to `console.*` functions.\n\n```js\n// Project configuration.\ngrunt.initConfig({\n  uglify: {\n    options: {\n      compress: {\n        drop_console: true\n      }\n    },\n    my_target: {\n      files: {\n        \'dest/output.min.js\': [\'src/input.js\']\n      }\n    }\n  }\n});\n```\n\n#### Beautify\n\nSpecify `beautify: true` to beautify your code for debugging/troubleshooting purposes.\nPass an object to manually configure any other output options passed directly to `UglifyJS.OutputStream()`.\n\nSee [UglifyJS Codegen documentation](http://lisperator.net/uglifyjs/codegen) for more information.\n\n_Note that manual configuration will require you to explicitly set `beautify: true` if you want traditional, beautified output._\n\n```js\n// Project configuration.\ngrunt.initConfig({\n  uglify: {\n    my_target: {\n      options: {\n        beautify: true\n      },\n      files: {\n        \'dest/output.min.js\': [\'src/input.js\']\n      }\n    },\n    my_advanced_target: {\n      options: {\n        beautify: {\n          width: 80,\n          beautify: true\n        }\n      },\n      files: {\n        \'dest/output.min.js\': [\'src/input.js\']\n      }\n    }\n  }\n});\n```\n\n#### Banner comments\n\nIn this example, running `grunt uglify:my_target` will prepend a banner created by interpolating the `banner` template string with the config object. Here, those properties are the values imported from the `package.json` file (which are available via the `pkg` config property) plus today\'s date.\n\n_Note: you don\'t have to use an external JSON file. It\'s also valid to create the `pkg` object inline in the config. That being said, if you already have a JSON file, you might as well reference it._\n\n```js\n// Project configuration.\ngrunt.initConfig({\n  pkg: grunt.file.readJSON(\'package.json\'),\n  uglify: {\n    options: {\n      banner: \'/*! <%= pkg.name %> - v<%= pkg.version %> - \' +\n        \'<%= grunt.template.today("yyyy-mm-dd") %> */\'\n    },\n    my_target: {\n      files: {\n        \'dest/output.min.js\': [\'src/input.js\']\n      }\n    }\n  }\n});\n```\n\n#### Conditional compilation\n\nYou can also enable UglifyJS conditional compilation. This is commonly used to remove debug code blocks for production builds.\n\nSee [UglifyJS global definitions documentation](http://lisperator.net/uglifyjs/compress#global-defs) for more information.\n\n```js\n// Project configuration.\ngrunt.initConfig({\n  uglify: {\n    options: {\n      compress: {\n        global_defs: {\n          "DEBUG": false\n        },\n        dead_code: true\n      }\n    },\n    my_target: {\n      files: {\n        \'dest/output.min.js\': [\'src/input.js\']\n      }\n    }\n  }\n});\n```\n#### Compiling all files in a folder dynamically\n\nThis configuration will compress and mangle the files dynamically.\n\n```js\n// Project configuration.\ngrunt.initConfig({\n  uglify: {\n    my_target: {\n      files: [{\n          expand: true,\n          cwd: \'src/js\',\n          src: \'**/*.js\',\n          dest: \'dest/js\'\n      }]\n    }\n  }\n});\n```\n\n\n## Release History\n\n * 2014-02-27   v0.3.3   remove unnecessary calls to `grunt.template.process`\n * 2014-01-22   v0.3.2   fix handling of `sourceMapIncludeSources` option.\n * 2014-01-20   v0.3.1   fix relative path issue in sourcemaps\n * 2014-01-16   v0.3.0   refactor sourcemap support\n * 2013-11-09   v0.2.7   prepending banner if sourceMap option not set, addresses\n * 2013-11-08   v0.2.6   merged 45, 53, 85 (105 by way of duping 53) Added support for banners in uglified files with sourcemaps Updated docs\n * 2013-10-28   v0.2.5   Added warning for banners when using sourcemaps\n * 2013-09-02   v0.2.4   updated sourcemap format via /83\n * 2013-06-10   v0.2.3   added footer option\n * 2013-05-31   v0.2.2   Reverted /56 due to /58 until [chrome/239660](https://code.google.com/p/chromium/issues/detail?id=239660&q=sourcemappingurl&colspec=ID%20Pri%20M%20Iteration%20ReleaseBlock%20Cr%20Status%20Owner%20Summary%20OS%20Modified) [firefox/870361](https://bugzilla.mozilla.org/show_bug.cgi?id=870361) drop\n * 2013-05-22   v0.2.1   Bumped uglify to ~2.3.5 /55 /40 Changed sourcemappingUrl syntax /56 Disabled sorting of names for consistent mangling /44 Updated docs for sourceMapRoot /47 /25\n * 2013-03-14   v0.2.0   No longer report gzip results by default. Support `report` option.\n * 2013-01-30   v0.1.2   Added better error reporting Support for dynamic names of multiple sourcemaps\n * 2013-02-15   v0.1.1   First official release for Grunt 0.4.0.\n * 2013-01-18   v0.1.1rc6   Updating grunt/gruntplugin dependencies to rc6. Changing in-development grunt/gruntplugin dependency versions from tilde version ranges to specific versions.\n * 2013-01-09   v0.1.1rc5   Updating to work with grunt v0.4.0rc5. Switching back to this.files api.\n * 2012-11-28   v0.1.0   Work in progress, not yet officially released.\n\n---\n\nTask submitted by ["Cowboy" Ben Alman](http://benalman.com)\n\n*This file was generated on Sat Mar 01 2014 20:36:24.*\n',
78 silly resolved     readmeFilename: 'README.md',
78 silly resolved     _id: 'grunt-contrib-uglify@0.4.0',
78 silly resolved     _from: 'grunt-contrib-uglify' } ]
79 info install grunt-contrib-uglify@0.4.0 into /home/neila/Aptana/muon
80 info installOne grunt-contrib-uglify@0.4.0
81 warn engine grunt-contrib-uglify@0.4.0: wanted: {"node":">=0.10.0"} (current: {"node":"v0.8.16","npm":"1.1.69"})
82 verbose from cache /home/neila/.npm/grunt-contrib-uglify/0.4.0/package/package.json
83 info /home/neila/Aptana/muon/node_modules/grunt-contrib-uglify unbuild
84 verbose from cache /home/neila/Aptana/muon/node_modules/grunt-contrib-uglify/package.json
85 info preuninstall grunt-contrib-uglify@0.2.7
86 info uninstall grunt-contrib-uglify@0.2.7
87 verbose true,/home/neila/Aptana/muon/node_modules,/home/neila/Aptana/muon/node_modules unbuild grunt-contrib-uglify@0.2.7
88 info postuninstall grunt-contrib-uglify@0.2.7
89 verbose tar unpack /home/neila/.npm/grunt-contrib-uglify/0.4.0/package.tgz
90 silly lockFile f907691e-ode-modules-grunt-contrib-uglify /home/neila/Aptana/muon/node_modules/grunt-contrib-uglify
91 verbose lock /home/neila/Aptana/muon/node_modules/grunt-contrib-uglify /home/neila/.npm/f907691e-ode-modules-grunt-contrib-uglify.lock
92 silly gunzTarPerm modes [ '755', '644' ]
93 silly gunzTarPerm extractEntry package.json
94 silly gunzTarPerm extractEntry README.md
95 silly gunzTarPerm extractEntry LICENSE-MIT
96 silly gunzTarPerm extractEntry tasks/uglify.js
97 silly gunzTarPerm extractEntry tasks/lib/uglify.js
98 verbose read json /home/neila/Aptana/muon/node_modules/grunt-contrib-uglify/package.json
99 silly lockFile f907691e-ode-modules-grunt-contrib-uglify /home/neila/Aptana/muon/node_modules/grunt-contrib-uglify
100 info preinstall grunt-contrib-uglify@0.4.0
101 verbose from cache /home/neila/Aptana/muon/node_modules/grunt-contrib-uglify/package.json
102 verbose readDependencies using package.json deps
103 verbose from cache /home/neila/Aptana/muon/node_modules/grunt-contrib-uglify/package.json
104 verbose readDependencies using package.json deps
105 verbose cache add [ 'uglify-js@^2.4.0', null ]
106 silly cache add name=undefined spec="uglify-js@^2.4.0" args=["uglify-js@^2.4.0",null]
107 verbose parsed url { pathname: 'uglify-js@^2.4.0',
107 verbose parsed url   path: 'uglify-js@^2.4.0',
107 verbose parsed url   href: 'uglify-js@^2.4.0' }
108 silly cache add name="uglify-js" spec="^2.4.0" args=["uglify-js","^2.4.0"]
109 verbose parsed url { pathname: '^2.4.0', path: '^2.4.0', href: '^2.4.0' }
110 verbose addNamed [ 'uglify-js', '^2.4.0' ]
111 verbose addNamed [ null, null ]
112 silly lockFile 0517be62-uglify-js-2-4-0 uglify-js@^2.4.0
113 verbose lock uglify-js@^2.4.0 /home/neila/.npm/0517be62-uglify-js-2-4-0.lock
114 verbose cache add [ 'chalk@^0.4.0', null ]
115 silly cache add name=undefined spec="chalk@^0.4.0" args=["chalk@^0.4.0",null]
116 verbose parsed url { pathname: 'chalk@^0.4.0',
116 verbose parsed url   path: 'chalk@^0.4.0',
116 verbose parsed url   href: 'chalk@^0.4.0' }
117 silly cache add name="chalk" spec="^0.4.0" args=["chalk","^0.4.0"]
118 verbose parsed url { pathname: '^0.4.0', path: '^0.4.0', href: '^0.4.0' }
119 verbose addNamed [ 'chalk', '^0.4.0' ]
120 verbose addNamed [ null, null ]
121 silly lockFile b2f4396d-chalk-0-4-0 chalk@^0.4.0
122 verbose lock chalk@^0.4.0 /home/neila/.npm/b2f4396d-chalk-0-4-0.lock
123 info addNameTag [ 'uglify-js', '^2.4.0' ]
124 info addNameTag [ 'chalk', '^0.4.0' ]
125 verbose cache add [ 'maxmin@^0.1.0', null ]
126 silly cache add name=undefined spec="maxmin@^0.1.0" args=["maxmin@^0.1.0",null]
127 verbose parsed url { pathname: 'maxmin@^0.1.0',
127 verbose parsed url   path: 'maxmin@^0.1.0',
127 verbose parsed url   href: 'maxmin@^0.1.0' }
128 silly cache add name="maxmin" spec="^0.1.0" args=["maxmin","^0.1.0"]
129 verbose parsed url { pathname: '^0.1.0', path: '^0.1.0', href: '^0.1.0' }
130 verbose addNamed [ 'maxmin', '^0.1.0' ]
131 verbose addNamed [ null, null ]
132 silly lockFile c75f66b7-maxmin-0-1-0 maxmin@^0.1.0
133 verbose lock maxmin@^0.1.0 /home/neila/.npm/c75f66b7-maxmin-0-1-0.lock
134 verbose url raw chalk
135 verbose url resolving [ 'https://registry.npmjs.org/', './chalk' ]
136 verbose url resolved https://registry.npmjs.org/chalk
137 info trying registry request attempt 1 at 15:09:46
138 verbose etag "19T884HI3CBTZID9IKAH25HT6"
139 http GET https://registry.npmjs.org/chalk
140 info addNameTag [ 'maxmin', '^0.1.0' ]
141 verbose url raw uglify-js
142 verbose url resolving [ 'https://registry.npmjs.org/', './uglify-js' ]
143 verbose url resolved https://registry.npmjs.org/uglify-js
144 info trying registry request attempt 1 at 15:09:46
145 verbose etag "D7M3PHRRQVBKVKH4ME80ZQ3P1"
146 http GET https://registry.npmjs.org/uglify-js
147 verbose url raw maxmin
148 verbose url resolving [ 'https://registry.npmjs.org/', './maxmin' ]
149 verbose url resolved https://registry.npmjs.org/maxmin
150 info trying registry request attempt 1 at 15:09:46
151 verbose etag "6KE5NDLX4H692JMTP8VDMF87E"
152 http GET https://registry.npmjs.org/maxmin
153 http 304 https://registry.npmjs.org/uglify-js
154 silly registry.get cb [ 304,
154 silly registry.get   { date: 'Mon, 17 Mar 2014 11:09:47 GMT',
154 silly registry.get     server: 'Apache',
154 silly registry.get     via: '1.1 varnish',
154 silly registry.get     'last-modified': 'Mon, 17 Mar 2014 11:09:47 GMT',
154 silly registry.get     'cache-control': 'max-age=1',
154 silly registry.get     etag: '"D7M3PHRRQVBKVKH4ME80ZQ3P1"',
154 silly registry.get     'x-served-by': 'cache-fra1222-FRA',
154 silly registry.get     'x-cache': 'HIT',
154 silly registry.get     'x-cache-hits': '1',
154 silly registry.get     'x-timer': 'S1395054587.186230183,VS0,VE1',
154 silly registry.get     vary: 'Accept',
154 silly registry.get     'content-length': '0',
154 silly registry.get     'keep-alive': 'timeout=10, max=50',
154 silly registry.get     connection: 'Keep-Alive' } ]
155 verbose etag uglify-js from cache
156 silly lockFile 0517be62-uglify-js-2-4-0 uglify-js@^2.4.0
157 verbose about to build /home/neila/Aptana/muon/node_modules/grunt-contrib-uglify
158 info /home/neila/Aptana/muon/node_modules/grunt-contrib-uglify unbuild
159 verbose from cache /home/neila/Aptana/muon/node_modules/grunt-contrib-uglify/package.json
160 info preuninstall grunt-contrib-uglify@0.4.0
161 info uninstall grunt-contrib-uglify@0.4.0
162 verbose true,/home/neila/Aptana/muon/node_modules,/home/neila/Aptana/muon/node_modules unbuild grunt-contrib-uglify@0.4.0
163 info postuninstall grunt-contrib-uglify@0.4.0
164 error Error: No compatible version found: uglify-js@'^2.4.0'
164 error Valid install targets:
164 error ["0.0.1","0.0.2","0.0.3","0.0.4","0.0.5","1.0.1","1.0.2","1.0.3","1.0.4","1.0.5","1.0.6","1.0.7","1.1.0","1.1.1","1.2.0","1.2.1","1.2.2","1.2.3","1.2.4","1.2.5","1.2.6","1.3.0","1.3.1","1.3.2","1.3.3","1.3.4","2.2.0","2.2.1","2.2.2","2.2.3","2.2.4","2.2.5","2.3.0","2.3.1","2.3.2","2.3.3","2.3.4","2.3.5","2.3.6","1.3.5","2.4.0","2.4.1","2.4.2","2.4.3","2.4.4","2.4.5","2.4.6","2.4.7","2.4.8","2.4.9","2.4.10","2.4.11","2.4.12","2.4.13"]
164 error     at installTargetsError (/usr/local/lib/node_modules/npm/lib/cache.js:563:10)
164 error     at /usr/local/lib/node_modules/npm/lib/cache.js:478:10
164 error     at saved (/usr/local/lib/node_modules/npm/node_modules/npm-registry-client/lib/get.js:138:7)
164 error     at /usr/local/lib/node_modules/npm/node_modules/graceful-fs/graceful-fs.js:218:7
164 error     at Object.oncomplete (fs.js:297:15)
165 error If you need help, you may report this log at:
165 error     <http://github.com/isaacs/npm/issues>
165 error or email it to:
165 error     <npm-@googlegroups.com>
166 error System Linux 3.2.0-56-generic
167 error command "/usr/local/bin/node" "/usr/local/bin/npm" "install" "grunt-contrib-uglify" "--save-dev"
168 error cwd /home/neila/Aptana/muon
169 error node -v v0.8.16
170 error npm -v 1.1.69
171 verbose exit [ 1, true ]
